2023/05/08 22:56:16 Error ESTE ES LOG línea 0
2023/05/08 22:56:16 Error ESTE ES LOG línea 1
2023/05/08 22:56:16 Error ESTE ES LOG línea 2
2023/05/08 22:56:16 Error ESTE ES LOG línea 3
2023/05/08 22:56:16 Error ESTE ES LOG línea 4
2023/05/08 22:56:16 Error ESTE ES LOG línea 5
2023/05/08 22:56:16 Error ESTE ES LOG línea 6
2023/05/08 22:56:16 Error ESTE ES LOG línea 7
2023/05/08 22:56:16 Error ESTE ES LOG línea 8
2023/05/08 22:56:16 Error ESTE ES LOG línea 9
2023/05/08 22:56:16 Error ESTE ES LOG línea 10
2023/05/08 23:12:36 Log:%!(EXTRA string=entre al showallnotification)
2023/05/08 23:13:10 Log:  entre al showallnotification
2023/05/10 20:24:54 Log:  entre al showallnotification
2023/05/10 20:29:23 Log:  entre al showallnotification
2023/05/11 14:19:35 Log:  entre al showallnotification
2023/05/11 14:19:47 Log:  entre al showallnotification
2023/05/11 14:39:36 Log:  281 - Route - Destroy - 402 - 2023-05-11 14:39:36.266369
2023/05/11 14:39:36 Log:  181 - Comment - Edit - 500 - 2023-05-11 14:39:36.266369
2023/05/11 14:39:36 Log:  256 - User - Update - error - 2023-05-11 14:39:36.266369
2023/05/11 14:39:36 Log:  162 - Blog - ShowAll - 500 - 2023-05-11 14:39:36.266369
2023/05/11 14:39:36 Log:  111 - Like - Destroy - 500 - 2023-05-11 14:39:36.266369
2023/05/11 14:39:36 Log:  95 - Blog - Update - 501 - 2023-05-11 14:39:36.266369
2023/05/11 14:39:36 Log:  147 - Blog - Edit - 501 - 2023-05-11 14:39:36.266369
2023/05/11 14:39:36 Log:  90 - Notifications - Edit - success - 2023-05-11 14:39:36.266369
2023/05/11 14:39:36 Log:  287 - Route - Show - 500 - 2023-05-11 14:39:36.266369
2023/05/11 14:39:36 Log:  237 - User - Show - success - 2023-05-11 14:39:36.266369
2023/05/11 14:40:40 Log:  13 - User - ShowAll - 404 - 2023-05-11 14:40:40.128548
2023/05/11 14:40:40 Log:  133 - Comment - ShowAll - 501 - 2023-05-11 14:40:40.128548
2023/05/11 14:40:40 Log:  259 - Comment - Show - error - 2023-05-11 14:40:40.128548
2023/05/11 14:40:40 Log:  189 - Like - ShowAll - error - 2023-05-11 14:40:40.128548
2023/05/11 14:40:40 Log:  188 - Logs - Edit - 402 - 2023-05-11 14:40:40.128548
2023/05/11 14:40:40 Log:  251 - Comment - Show - success - 2023-05-11 14:40:40.128548
2023/05/11 14:40:40 Log:  166 - Blog - Destroy - 500 - 2023-05-11 14:40:40.128548
2023/05/11 14:40:40 Log:  83 - State - Edit - success - 2023-05-11 14:40:40.128548
2023/05/11 14:40:40 Log:  2 - Comment - Show - success - 2023-05-11 14:40:40.128548
2023/05/11 14:40:40 Log:  277 - Notifications - ShowAll - 500 - 2023-05-11 14:40:40.128548
2023/05/11 14:40:41 Log:  123 - Logs - Edit - error - 2023-05-11 14:40:41.011610
2023/05/11 14:40:41 Log:  41 - State - Destroy - 402 - 2023-05-11 14:40:41.011610
2023/05/11 14:40:41 Log:  191 - Notifications - Update - 501 - 2023-05-11 14:40:41.011610
2023/05/11 14:40:41 Log:  246 - Logs - Index - error - 2023-05-11 14:40:41.011610
2023/05/11 14:40:41 Log:  252 - State - Edit - 500 - 2023-05-11 14:40:41.011610
2023/05/11 14:40:41 Log:  225 - State - Show - 402 - 2023-05-11 14:40:41.011610
2023/05/11 14:40:41 Log:  287 - State - ShowAll - error - 2023-05-11 14:40:41.011610
2023/05/11 14:40:41 Log:  90 - Notifications - Index - error - 2023-05-11 14:40:41.011610
2023/05/11 14:40:41 Log:  91 - State - Index - error - 2023-05-11 14:40:41.011610
2023/05/11 14:40:41 Log:  167 - Path - Show - success - 2023-05-11 14:40:41.011610
